2019/02/20 08:40:36 - No match found. Loop counter: 1. // Total check time: 2168 ms // Wait-Time per loop: 2000 ms. // Threshold: 0.3 // Match Image: C:\Users\lashw\PycharmProjects\ip_analysis_tool\autoit_pes2019_bot\pes2019_img_search\start_game.png
2019/02/20 09:11:48 - No match found. Loop counter: 1. // Total check time: 2193 ms // Wait-Time per loop: 2000 ms. // Threshold: 0.7 // Match Image: C:\Users\lashw\PycharmProjects\ip_analysis_tool\autoit_pes2019_bot\pes2019_img_search\start_game.png
2019/02/20 09:11:50 - No match found. Loop counter: 1. // Total check time: 2289 ms // Wait-Time per loop: 2000 ms. // Threshold: 0.7 // Match Image: C:\Users\lashw\PycharmProjects\ip_analysis_tool\autoit_pes2019_bot\pes2019_img_search\pause_menu.png
2019/02/20 09:11:52 - No match found. Loop counter: 1. // Total check time: 2187 ms // Wait-Time per loop: 2000 ms. // Threshold: 0.7 // Match Image: C:\Users\lashw\PycharmProjects\ip_analysis_tool\autoit_pes2019_bot\pes2019_img_search\pause_menu_2.png
2019/02/20 09:11:56 - No match found. Loop counter: 1. // Total check time: 2180 ms // Wait-Time per loop: 2000 ms. // Threshold: 0.7 // Match Image: C:\Users\lashw\PycharmProjects\ip_analysis_tool\autoit_pes2019_bot\pes2019_img_search\start_game.png
2019/02/20 09:11:58 - No match found. Loop counter: 1. // Total check time: 2280 ms // Wait-Time per loop: 2000 ms. // Threshold: 0.7 // Match Image: C:\Users\lashw\PycharmProjects\ip_analysis_tool\autoit_pes2019_bot\pes2019_img_search\pause_menu.png
2019/02/20 09:12:00 - No match found. Loop counter: 1. // Total check time: 2196 ms // Wait-Time per loop: 2000 ms. // Threshold: 0.7 // Match Image: C:\Users\lashw\PycharmProjects\ip_analysis_tool\autoit_pes2019_bot\pes2019_img_search\pause_menu_2.png
2019/02/20 09:12:04 - No match found. Loop counter: 1. // Total check time: 2179 ms // Wait-Time per loop: 2000 ms. // Threshold: 0.7 // Match Image: C:\Users\lashw\PycharmProjects\ip_analysis_tool\autoit_pes2019_bot\pes2019_img_search\start_game.png
2019/02/20 09:12:06 - No match found. Loop counter: 1. // Total check time: 2283 ms // Wait-Time per loop: 2000 ms. // Threshold: 0.7 // Match Image: C:\Users\lashw\PycharmProjects\ip_analysis_tool\autoit_pes2019_bot\pes2019_img_search\pause_menu.png
2019/02/20 09:12:08 - No match found. Loop counter: 1. // Total check time: 2186 ms // Wait-Time per loop: 2000 ms. // Threshold: 0.7 // Match Image: C:\Users\lashw\PycharmProjects\ip_analysis_tool\autoit_pes2019_bot\pes2019_img_search\pause_menu_2.png
2019/02/20 09:12:10 - No match found. Loop counter: 1. // Total check time: 2318 ms // Wait-Time per loop: 2000 ms. // Threshold: 0.7 // Match Image: C:\Users\lashw\PycharmProjects\ip_analysis_tool\autoit_pes2019_bot\pes2019_img_search\match_end.png
2019/02/20 09:12:13 - No match found. Loop counter: 1. // Total check time: 2218 ms // Wait-Time per loop: 2000 ms. // Threshold: 0.7 // Match Image: C:\Users\lashw\PycharmProjects\ip_analysis_tool\autoit_pes2019_bot\pes2019_img_search\match_end_continue.png
2019/02/20 09:12:17 - No match found. Loop counter: 1. // Total check time: 2185 ms // Wait-Time per loop: 2000 ms. // Threshold: 0.7 // Match Image: C:\Users\lashw\PycharmProjects\ip_analysis_tool\autoit_pes2019_bot\pes2019_img_search\start_game.png
2019/02/20 09:12:19 - No match found. Loop counter: 1. // Total check time: 2297 ms // Wait-Time per loop: 2000 ms. // Threshold: 0.7 // Match Image: C:\Users\lashw\PycharmProjects\ip_analysis_tool\autoit_pes2019_bot\pes2019_img_search\pause_menu.png
2019/02/20 09:12:21 - No match found. Loop counter: 1. // Total check time: 2199 ms // Wait-Time per loop: 2000 ms. // Threshold: 0.7 // Match Image: C:\Users\lashw\PycharmProjects\ip_analysis_tool\autoit_pes2019_bot\pes2019_img_search\pause_menu_2.png
2019/02/20 09:12:24 - No match found. Loop counter: 1. // Total check time: 2299 ms // Wait-Time per loop: 2000 ms. // Threshold: 0.7 // Match Image: C:\Users\lashw\PycharmProjects\ip_analysis_tool\autoit_pes2019_bot\pes2019_img_search\match_end.png
2019/02/20 09:15:48 - No match found. Loop counter: 1. // Total check time: 2192 ms // Wait-Time per loop: 2000 ms. // Threshold: 0.7 // Match Image: C:\Users\lashw\PycharmProjects\ip_analysis_tool\autoit_pes2019_bot\pes2019_img_search\start_game.png
2019/02/20 09:15:50 - No match found. Loop counter: 1. // Total check time: 2278 ms // Wait-Time per loop: 2000 ms. // Threshold: 0.7 // Match Image: C:\Users\lashw\PycharmProjects\ip_analysis_tool\autoit_pes2019_bot\pes2019_img_search\pause_menu.png
2019/02/20 09:15:53 - No match found. Loop counter: 1. // Total check time: 2205 ms // Wait-Time per loop: 2000 ms. // Threshold: 0.7 // Match Image: C:\Users\lashw\PycharmProjects\ip_analysis_tool\autoit_pes2019_bot\pes2019_img_search\pause_menu_2.png
2019/02/20 09:15:55 - No match found. Loop counter: 1. // Total check time: 2339 ms // Wait-Time per loop: 2000 ms. // Threshold: 0.7 // Match Image: C:\Users\lashw\PycharmProjects\ip_analysis_tool\autoit_pes2019_bot\pes2019_img_search\match_end.png
2019/02/20 09:15:57 - No match found. Loop counter: 1. // Total check time: 2232 ms // Wait-Time per loop: 2000 ms. // Threshold: 0.7 // Match Image: C:\Users\lashw\PycharmProjects\ip_analysis_tool\autoit_pes2019_bot\pes2019_img_search\match_end_continue.png
2019/02/20 09:16:01 - No match found. Loop counter: 1. // Total check time: 2184 ms // Wait-Time per loop: 2000 ms. // Threshold: 0.7 // Match Image: C:\Users\lashw\PycharmProjects\ip_analysis_tool\autoit_pes2019_bot\pes2019_img_search\start_game.png
2019/02/20 09:16:04 - No match found. Loop counter: 1. // Total check time: 2276 ms // Wait-Time per loop: 2000 ms. // Threshold: 0.7 // Match Image: C:\Users\lashw\PycharmProjects\ip_analysis_tool\autoit_pes2019_bot\pes2019_img_search\pause_menu.png
2019/02/20 09:16:06 - No match found. Loop counter: 1. // Total check time: 2191 ms // Wait-Time per loop: 2000 ms. // Threshold: 0.7 // Match Image: C:\Users\lashw\PycharmProjects\ip_analysis_tool\autoit_pes2019_bot\pes2019_img_search\pause_menu_2.png
2019/02/20 09:16:08 - No match found. Loop counter: 1. // Total check time: 2307 ms // Wait-Time per loop: 2000 ms. // Threshold: 0.7 // Match Image: C:\Users\lashw\PycharmProjects\ip_analysis_tool\autoit_pes2019_bot\pes2019_img_search\match_end.png
2019/02/20 09:16:10 - No match found. Loop counter: 1. // Total check time: 2217 ms // Wait-Time per loop: 2000 ms. // Threshold: 0.7 // Match Image: C:\Users\lashw\PycharmProjects\ip_analysis_tool\autoit_pes2019_bot\pes2019_img_search\match_end_continue.png
2019/02/20 09:16:15 - No match found. Loop counter: 1. // Total check time: 2177 ms // Wait-Time per loop: 2000 ms. // Threshold: 0.7 // Match Image: C:\Users\lashw\PycharmProjects\ip_analysis_tool\autoit_pes2019_bot\pes2019_img_search\start_game.png
2019/02/20 09:16:17 - No match found. Loop counter: 1. // Total check time: 2289 ms // Wait-Time per loop: 2000 ms. // Threshold: 0.7 // Match Image: C:\Users\lashw\PycharmProjects\ip_analysis_tool\autoit_pes2019_bot\pes2019_img_search\pause_menu.png
2019/02/20 09:16:19 - No match found. Loop counter: 1. // Total check time: 2192 ms // Wait-Time per loop: 2000 ms. // Threshold: 0.7 // Match Image: C:\Users\lashw\PycharmProjects\ip_analysis_tool\autoit_pes2019_bot\pes2019_img_search\pause_menu_2.png
2019/02/20 09:16:22 - No match found. Loop counter: 1. // Total check time: 2314 ms // Wait-Time per loop: 2000 ms. // Threshold: 0.7 // Match Image: C:\Users\lashw\PycharmProjects\ip_analysis_tool\autoit_pes2019_bot\pes2019_img_search\match_end.png
2019/02/20 09:16:24 - No match found. Loop counter: 1. // Total check time: 2216 ms // Wait-Time per loop: 2000 ms. // Threshold: 0.7 // Match Image: C:\Users\lashw\PycharmProjects\ip_analysis_tool\autoit_pes2019_bot\pes2019_img_search\match_end_continue.png
2019/02/20 09:16:28 - No match found. Loop counter: 1. // Total check time: 2188 ms // Wait-Time per loop: 2000 ms. // Threshold: 0.7 // Match Image: C:\Users\lashw\PycharmProjects\ip_analysis_tool\autoit_pes2019_bot\pes2019_img_search\start_game.png
2019/02/20 09:16:30 - No match found. Loop counter: 1. // Total check time: 2301 ms // Wait-Time per loop: 2000 ms. // Threshold: 0.7 // Match Image: C:\Users\lashw\PycharmProjects\ip_analysis_tool\autoit_pes2019_bot\pes2019_img_search\pause_menu.png
2019/02/20 09:16:32 - No match found. Loop counter: 1. // Total check time: 2188 ms // Wait-Time per loop: 2000 ms. // Threshold: 0.7 // Match Image: C:\Users\lashw\PycharmProjects\ip_analysis_tool\autoit_pes2019_bot\pes2019_img_search\pause_menu_2.png
2019/02/20 09:16:35 - No match found. Loop counter: 1. // Total check time: 2286 ms // Wait-Time per loop: 2000 ms. // Threshold: 0.7 // Match Image: C:\Users\lashw\PycharmProjects\ip_analysis_tool\autoit_pes2019_bot\pes2019_img_search\match_end.png
2019/02/20 09:16:37 - No match found. Loop counter: 1. // Total check time: 2212 ms // Wait-Time per loop: 2000 ms. // Threshold: 0.7 // Match Image: C:\Users\lashw\PycharmProjects\ip_analysis_tool\autoit_pes2019_bot\pes2019_img_search\match_end_continue.png
2019/02/20 10:12:22 - No match found. Loop counter: 1. // Total check time: 2184 ms // Wait-Time per loop: 2000 ms. // Threshold: 0.7 // Match Image: C:\Users\lashw\PycharmProjects\ip_analysis_tool\autoit_pes2019_bot\pes2019_img_search\start_game.png
2019/02/20 10:12:25 - No match found. Loop counter: 1. // Total check time: 2277 ms // Wait-Time per loop: 2000 ms. // Threshold: 0.7 // Match Image: C:\Users\lashw\PycharmProjects\ip_analysis_tool\autoit_pes2019_bot\pes2019_img_search\user_select_menu.png
2019/02/20 10:12:27 - No match found. Loop counter: 1. // Total check time: 2185 ms // Wait-Time per loop: 2000 ms. // Threshold: 0.7 // Match Image: C:\Users\lashw\PycharmProjects\ip_analysis_tool\autoit_pes2019_bot\pes2019_img_search\pause_menu.png
2019/02/20 10:12:31 - No match found. Loop counter: 1. // Total check time: 2177 ms // Wait-Time per loop: 2000 ms. // Threshold: 0.7 // Match Image: C:\Users\lashw\PycharmProjects\ip_analysis_tool\autoit_pes2019_bot\pes2019_img_search\start_game.png
2019/02/20 10:12:34 - No match found. Loop counter: 1. // Total check time: 2288 ms // Wait-Time per loop: 2000 ms. // Threshold: 0.7 // Match Image: C:\Users\lashw\PycharmProjects\ip_analysis_tool\autoit_pes2019_bot\pes2019_img_search\user_select_menu.png
2019/02/20 10:12:36 - No match found. Loop counter: 1. // Total check time: 2190 ms // Wait-Time per loop: 2000 ms. // Threshold: 0.7 // Match Image: C:\Users\lashw\PycharmProjects\ip_analysis_tool\autoit_pes2019_bot\pes2019_img_search\pause_menu.png
2019/02/20 10:12:40 - No match found. Loop counter: 1. // Total check time: 2177 ms // Wait-Time per loop: 2000 ms. // Threshold: 0.7 // Match Image: C:\Users\lashw\PycharmProjects\ip_analysis_tool\autoit_pes2019_bot\pes2019_img_search\start_game.png
2019/02/20 10:12:43 - No match found. Loop counter: 1. // Total check time: 2291 ms // Wait-Time per loop: 2000 ms. // Threshold: 0.7 // Match Image: C:\Users\lashw\PycharmProjects\ip_analysis_tool\autoit_pes2019_bot\pes2019_img_search\user_select_menu.png
2019/02/20 10:12:45 - No match found. Loop counter: 1. // Total check time: 2197 ms // Wait-Time per loop: 2000 ms. // Threshold: 0.7 // Match Image: C:\Users\lashw\PycharmProjects\ip_analysis_tool\autoit_pes2019_bot\pes2019_img_search\pause_menu.png
2019/02/20 10:12:49 - No match found. Loop counter: 1. // Total check time: 2180 ms // Wait-Time per loop: 2000 ms. // Threshold: 0.7 // Match Image: C:\Users\lashw\PycharmProjects\ip_analysis_tool\autoit_pes2019_bot\pes2019_img_search\start_game.png
2019/02/20 10:12:52 - No match found. Loop counter: 1. // Total check time: 2286 ms // Wait-Time per loop: 2000 ms. // Threshold: 0.7 // Match Image: C:\Users\lashw\PycharmProjects\ip_analysis_tool\autoit_pes2019_bot\pes2019_img_search\user_select_menu.png
2019/02/20 10:12:54 - No match found. Loop counter: 1. // Total check time: 2192 ms // Wait-Time per loop: 2000 ms. // Threshold: 0.7 // Match Image: C:\Users\lashw\PycharmProjects\ip_analysis_tool\autoit_pes2019_bot\pes2019_img_search\pause_menu.png
2019/02/20 10:12:58 - No match found. Loop counter: 1. // Total check time: 2182 ms // Wait-Time per loop: 2000 ms. // Threshold: 0.7 // Match Image: C:\Users\lashw\PycharmProjects\ip_analysis_tool\autoit_pes2019_bot\pes2019_img_search\start_game.png
2019/02/20 10:13:01 - No match found. Loop counter: 1. // Total check time: 2281 ms // Wait-Time per loop: 2000 ms. // Threshold: 0.7 // Match Image: C:\Users\lashw\PycharmProjects\ip_analysis_tool\autoit_pes2019_bot\pes2019_img_search\user_select_menu.png
2019/02/20 10:13:03 - No match found. Loop counter: 1. // Total check time: 2180 ms // Wait-Time per loop: 2000 ms. // Threshold: 0.7 // Match Image: C:\Users\lashw\PycharmProjects\ip_analysis_tool\autoit_pes2019_bot\pes2019_img_search\pause_menu.png
2019/02/20 10:13:05 - No match found. Loop counter: 1. // Total check time: 2320 ms // Wait-Time per loop: 2000 ms. // Threshold: 0.7 // Match Image: C:\Users\lashw\PycharmProjects\ip_analysis_tool\autoit_pes2019_bot\pes2019_img_search\match_end.png
