02\19\2019 10:24:14 Info PS4 remote started.
02\19\2019 10:24:35 Info Start to play games
02\19\2019 10:24:35 Info Begin to send esc
02\19\2019 10:24:55 Info End to send esc
02\19\2019 10:24:55 Info Begin to send enter
02\19\2019 10:25:00 Info End to send enter
02\19\2019 10:25:00 Info Begin to send esc
02\19\2019 10:25:41 Info End to send esc
02\19\2019 10:44:18 Info PS4 remote started.
02\19\2019 10:44:39 Info Start to play games
02\19\2019 10:44:39 Info Begin to send esc
02\19\2019 10:44:59 Info End to send esc
02\19\2019 10:44:59 Info Begin to send enter
02\19\2019 10:45:04 Info End to send enter
02\19\2019 10:45:04 Info Begin to send esc
02\19\2019 10:45:45 Info End to send esc
02\19\2019 11:07:12 Info PS4 remote started.
02\19\2019 11:07:33 Info Start to play games
02\19\2019 11:07:33 Info Begin to send esc
02\19\2019 11:07:53 Info End to send esc
02\19\2019 11:07:53 Info Begin to send enter
02\19\2019 11:07:58 Info End to send enter
02\19\2019 11:07:58 Info Begin to send esc
02\19\2019 11:08:39 Info End to send esc
02\19\2019 11:29:30 Info PS4 remote started.
02\19\2019 11:29:51 Info Start to play games
02\19\2019 11:29:51 Info Begin to send esc
02\19\2019 11:30:11 Info End to send esc
02\19\2019 11:30:11 Info Begin to send enter
02\19\2019 11:30:16 Info End to send enter
02\19\2019 11:30:16 Info Begin to send esc
02\19\2019 11:30:57 Info End to send esc
02\19\2019 11:52:44 Info PS4 remote started.
02\19\2019 11:53:05 Info Start to play games
02\19\2019 11:53:05 Info Begin to send esc
02\19\2019 11:53:25 Info End to send esc
02\19\2019 11:53:25 Info Begin to send enter
02\19\2019 11:53:30 Info End to send enter
02\19\2019 11:53:30 Info Begin to send esc
02\19\2019 11:54:11 Info End to send esc
02\19\2019 12:17:19 Info Open PS4 remote timeout
02\19\2019 12:18:15 Info Open PS4 remote timeout
02\19\2019 12:18:29 Info PS4 remote started.
02\19\2019 12:18:50 Info Start to play games
02\19\2019 12:18:50 Info Begin to send esc
02\19\2019 12:19:10 Info End to send esc
02\19\2019 12:19:10 Info Begin to send enter
02\19\2019 12:19:16 Info End to send enter
02\19\2019 12:19:16 Info Begin to send esc
02\19\2019 12:19:56 Info End to send esc
02\19\2019 12:43:21 Info PS4 remote started.
02\19\2019 12:43:42 Info Start to play games
02\19\2019 12:43:42 Info Begin to send esc
02\19\2019 12:44:03 Info End to send esc
02\19\2019 12:44:03 Info Begin to send enter
02\19\2019 12:44:08 Info End to send enter
02\19\2019 12:44:08 Info Begin to send esc
02\19\2019 12:44:48 Info End to send esc
02\19\2019 13:02:38 Info PS4 remote started.
02\19\2019 13:02:59 Info Start to play games
02\19\2019 13:02:59 Info Begin to send esc
02\19\2019 13:03:19 Info End to send esc
02\19\2019 13:03:19 Info Begin to send enter
02\19\2019 13:03:40 Info End to send enter
02\19\2019 13:03:40 Info Begin to send esc
02\19\2019 13:04:20 Info End to send esc
02\19\2019 13:23:19 Info PS4 remote started.
02\19\2019 13:23:40 Info Start to play games
02\19\2019 13:23:40 Info Begin to send esc
02\19\2019 13:24:01 Info End to send esc
02\19\2019 13:24:01 Info Begin to send enter
02\19\2019 13:24:21 Info End to send enter
02\19\2019 13:24:21 Info Begin to send esc
02\19\2019 13:25:01 Info End to send esc
02\19\2019 13:43:17 Info PS4 remote started.
02\19\2019 13:43:38 Info Start to play games
02\19\2019 13:43:38 Info Begin to send esc
02\19\2019 13:43:59 Info End to send esc
02\19\2019 13:43:59 Info Begin to send enter
02\19\2019 13:44:19 Info End to send enter
02\19\2019 13:44:19 Info Begin to send esc
02\19\2019 13:45:00 Info End to send esc
02\19\2019 14:07:59 Info PS4 remote started.
02\19\2019 14:08:20 Info Start to play games
02\19\2019 14:08:20 Info Begin to send esc
02\19\2019 14:08:40 Info End to send esc
02\19\2019 14:08:40 Info Begin to send enter
02\19\2019 14:09:00 Info End to send enter
02\19\2019 14:09:00 Info Begin to send esc
02\19\2019 14:09:41 Info End to send esc
02\19\2019 14:28:58 Info PS4 remote started.
02\19\2019 14:29:19 Info Start to play games
02\19\2019 14:29:19 Info Begin to send esc
02\19\2019 14:29:40 Info End to send esc
02\19\2019 14:29:40 Info Begin to send enter
02\19\2019 14:30:00 Info End to send enter
02\19\2019 14:30:00 Info Begin to send esc
02\19\2019 14:30:40 Info End to send esc
02\19\2019 14:48:11 Info PS4 remote started.
02\19\2019 14:48:32 Info Start to play games
02\19\2019 14:48:32 Info Begin to send esc
02\19\2019 14:48:52 Info End to send esc
02\19\2019 14:48:52 Info Begin to send enter
02\19\2019 14:49:12 Info End to send enter
02\19\2019 14:49:12 Info Begin to send esc
02\19\2019 14:49:53 Info End to send esc
02\19\2019 15:05:49 Info PS4 remote started.
02\19\2019 15:06:10 Info Start to play games
02\19\2019 15:06:10 Info Begin to send esc
02\19\2019 15:06:31 Info End to send esc
02\19\2019 15:06:31 Info Begin to send enter
02\19\2019 15:06:51 Info End to send enter
02\19\2019 15:06:51 Info Begin to send esc
02\19\2019 15:07:32 Info End to send esc
02\19\2019 15:27:07 Info PS4 remote started.
02\19\2019 15:27:28 Info Start to play games
02\19\2019 15:27:28 Info Begin to send esc
02\19\2019 15:27:48 Info End to send esc
02\19\2019 15:27:48 Info Begin to send enter
02\19\2019 15:28:08 Info End to send enter
02\19\2019 15:28:08 Info Begin to send esc
02\19\2019 15:28:49 Info End to send esc
02\19\2019 15:47:27 Info PS4 remote started.
02\19\2019 15:47:48 Info Start to play games
02\19\2019 15:47:48 Info Begin to send esc
02\19\2019 15:48:08 Info End to send esc
02\19\2019 15:48:08 Info Begin to send enter
02\19\2019 15:48:29 Info End to send enter
02\19\2019 15:48:29 Info Begin to send esc
02\19\2019 15:49:09 Info End to send esc
02\19\2019 16:08:46 Info PS4 remote started.
02\19\2019 16:09:07 Info Start to play games
02\19\2019 16:09:07 Info Begin to send esc
02\19\2019 16:09:27 Info End to send esc
02\19\2019 16:09:27 Info Begin to send enter
02\19\2019 16:09:47 Info End to send enter
02\19\2019 16:09:47 Info Begin to send esc
02\19\2019 16:10:28 Info End to send esc
02\19\2019 16:30:04 Info PS4 remote started.
02\19\2019 16:30:25 Info Start to play games
02\19\2019 16:30:25 Info Begin to send esc
02\19\2019 16:30:45 Info End to send esc
02\19\2019 16:30:45 Info Begin to send enter
02\19\2019 16:31:06 Info End to send enter
02\19\2019 16:31:06 Info Begin to send esc
02\19\2019 16:31:46 Info End to send esc
02\19\2019 16:50:55 Info PS4 remote started.
02\19\2019 16:51:16 Info Start to play games
02\19\2019 16:51:16 Info Begin to send esc
02\19\2019 16:51:37 Info End to send esc
02\19\2019 16:51:37 Info Begin to send enter
02\19\2019 16:51:57 Info End to send enter
02\19\2019 16:51:57 Info Begin to send esc
02\19\2019 16:52:37 Info End to send esc
02\19\2019 17:24:35 Info PS4 remote started.
02\19\2019 17:24:56 Info Start to play games
02\19\2019 17:24:56 Info Begin to send esc
02\19\2019 17:25:16 Info End to send esc
02\19\2019 17:25:16 Info Begin to send enter
02\19\2019 17:25:36 Info End to send enter
02\19\2019 17:25:36 Info Begin to send esc
02\19\2019 17:26:17 Info End to send esc
02\19\2019 17:45:38 Info PS4 remote started.
02\19\2019 17:45:59 Info Start to play games
02\19\2019 17:45:59 Info Begin to send esc
02\19\2019 17:46:19 Info End to send esc
02\19\2019 17:46:19 Info Begin to send enter
02\19\2019 17:46:40 Info End to send enter
02\19\2019 17:46:40 Info Begin to send esc
02\19\2019 17:47:20 Info End to send esc
02\19\2019 18:51:28 Info PS4 remote started.
02\19\2019 18:51:49 Info Start to play games
02\19\2019 18:51:49 Info Begin to send esc
02\19\2019 18:52:09 Info End to send esc
02\19\2019 18:52:09 Info Begin to send enter
02\19\2019 18:52:29 Info End to send enter
02\19\2019 18:52:29 Info Begin to send esc
02\19\2019 18:53:10 Info End to send esc
02\20\2019 01:06:41 Info PS4 remote started.
02\20\2019 01:06:49 Info Find Viewpanel!!!
02\20\2019 01:06:53 Info Start to play games
02\20\2019 01:07:59 Info The window is closed
02\20\2019 01:11:31 Info PS4 remote started.
02\20\2019 01:11:39 Info Find Viewpanel!!!
02\20\2019 01:11:43 Info Start to play games
02\20\2019 01:13:11 Info The window is closed
